\BOOKMARK [0][-]{chapter.1}{\376\377\0001\000\040\000C\000l\000a\000s\000s\000\040\000I\000n\000d\000e\000x}{}% 1
\BOOKMARK [1][-]{section.1.1}{\376\377\0001\000.\0001\000\040\000C\000l\000a\000s\000s\000\040\000L\000i\000s\000t}{chapter.1}% 2
\BOOKMARK [0][-]{chapter.2}{\376\377\0002\000\040\000F\000i\000l\000e\000\040\000I\000n\000d\000e\000x}{}% 3
\BOOKMARK [1][-]{section.2.1}{\376\377\0002\000.\0001\000\040\000F\000i\000l\000e\000\040\000L\000i\000s\000t}{chapter.2}% 4
\BOOKMARK [0][-]{chapter.3}{\376\377\0003\000\040\000C\000l\000a\000s\000s\000\040\000D\000o\000c\000u\000m\000e\000n\000t\000a\000t\000i\000o\000n}{}% 5
\BOOKMARK [1][-]{section.3.1}{\376\377\0003\000.\0001\000\040\000L\000a\000p\000l\000a\000c\000e\000M\000e\000t\000a\000l\000S\000o\000l\000v\000e\000r\000:\000:\000D\000e\000s\000c\000\040\000S\000t\000r\000u\000c\000t\000\040\000R\000e\000f\000e\000r\000e\000n\000c\000e}{chapter.3}% 6
\BOOKMARK [2][-]{subsection.3.1.1}{\376\377\0003\000.\0001\000.\0001\000\040\000M\000e\000m\000b\000e\000r\000\040\000D\000a\000t\000a\000\040\000D\000o\000c\000u\000m\000e\000n\000t\000a\000t\000i\000o\000n}{section.3.1}% 7
\BOOKMARK [3][-]{subsubsection.3.1.1.1}{\376\377\0003\000.\0001\000.\0001\000.\0001\000\040\000d\000x}{subsection.3.1.1}% 8
\BOOKMARK [3][-]{subsubsection.3.1.1.2}{\376\377\0003\000.\0001\000.\0001\000.\0002\000\040\000d\000y}{subsection.3.1.1}% 9
\BOOKMARK [3][-]{subsubsection.3.1.1.3}{\376\377\0003\000.\0001\000.\0001\000.\0003\000\040\000n\000x}{subsection.3.1.1}% 10
\BOOKMARK [3][-]{subsubsection.3.1.1.4}{\376\377\0003\000.\0001\000.\0001\000.\0004\000\040\000n\000y}{subsection.3.1.1}% 11
\BOOKMARK [1][-]{section.3.2}{\376\377\0003\000.\0002\000\040\000L\000a\000p\000l\000a\000c\000e\000M\000e\000t\000a\000l\000S\000o\000l\000v\000e\000r\000\040\000C\000l\000a\000s\000s\000\040\000R\000e\000f\000e\000r\000e\000n\000c\000e}{chapter.3}% 12
\BOOKMARK [2][-]{subsection.3.2.1}{\376\377\0003\000.\0002\000.\0001\000\040\000M\000e\000m\000b\000e\000r\000\040\000E\000n\000u\000m\000e\000r\000a\000t\000i\000o\000n\000\040\000D\000o\000c\000u\000m\000e\000n\000t\000a\000t\000i\000o\000n}{section.3.2}% 13
\BOOKMARK [3][-]{subsubsection.3.2.1.1}{\376\377\0003\000.\0002\000.\0001\000.\0001\000\040\000S\000m\000o\000o\000t\000h\000e\000r}{subsection.3.2.1}% 14
\BOOKMARK [2][-]{subsection.3.2.2}{\376\377\0003\000.\0002\000.\0002\000\040\000C\000o\000n\000s\000t\000r\000u\000c\000t\000o\000r\000\040\000\046\000\040\000D\000e\000s\000t\000r\000u\000c\000t\000o\000r\000\040\000D\000o\000c\000u\000m\000e\000n\000t\000a\000t\000i\000o\000n}{section.3.2}% 15
\BOOKMARK [3][-]{subsubsection.3.2.2.1}{\376\377\0003\000.\0002\000.\0002\000.\0001\000\040\000L\000a\000p\000l\000a\000c\000e\000M\000e\000t\000a\000l\000S\000o\000l\000v\000e\000r\000\050\000\051\000\040\000[\0001\000/\0002\000]}{subsection.3.2.2}% 16
\BOOKMARK [3][-]{subsubsection.3.2.2.2}{\376\377\0003\000.\0002\000.\0002\000.\0002\000\040\000~\000L\000a\000p\000l\000a\000c\000e\000M\000e\000t\000a\000l\000S\000o\000l\000v\000e\000r\000\050\000\051}{subsection.3.2.2}% 17
\BOOKMARK [3][-]{subsubsection.3.2.2.3}{\376\377\0003\000.\0002\000.\0002\000.\0003\000\040\000L\000a\000p\000l\000a\000c\000e\000M\000e\000t\000a\000l\000S\000o\000l\000v\000e\000r\000\050\000\051\000\040\000[\0002\000/\0002\000]}{subsection.3.2.2}% 18
\BOOKMARK [2][-]{subsection.3.2.3}{\376\377\0003\000.\0002\000.\0003\000\040\000M\000e\000m\000b\000e\000r\000\040\000F\000u\000n\000c\000t\000i\000o\000n\000\040\000D\000o\000c\000u\000m\000e\000n\000t\000a\000t\000i\000o\000n}{section.3.2}% 19
\BOOKMARK [3][-]{subsubsection.3.2.3.1}{\376\377\0003\000.\0002\000.\0003\000.\0001\000\040\000c\000l\000a\000m\000p\000E\000n\000a\000b\000l\000e\000d\000\050\000\051}{subsection.3.2.3}% 20
\BOOKMARK [3][-]{subsubsection.3.2.3.2}{\376\377\0003\000.\0002\000.\0003\000.\0002\000\040\000d\000a\000m\000p\000i\000n\000g\000\050\000\051}{subsection.3.2.3}% 21
\BOOKMARK [3][-]{subsubsection.3.2.3.3}{\376\377\0003\000.\0002\000.\0003\000.\0003\000\040\000d\000e\000b\000u\000g\000C\000h\000e\000c\000k\000U\000n\000i\000f\000o\000r\000m\000s\000\050\000\051}{subsection.3.2.3}% 22
\BOOKMARK [3][-]{subsubsection.3.2.3.4}{\376\377\0003\000.\0002\000.\0003\000.\0004\000\040\000d\000e\000b\000u\000g\000J\000a\000c\000o\000b\000i\000R\000h\000s\000T\000e\000s\000t\000\050\000\051}{subsection.3.2.3}% 23
\BOOKMARK [3][-]{subsubsection.3.2.3.5}{\376\377\0003\000.\0002\000.\0003\000.\0005\000\040\000d\000e\000b\000u\000g\000P\000r\000o\000l\000o\000n\000g\000T\000e\000s\000t\000\050\000\051}{subsection.3.2.3}% 24
\BOOKMARK [3][-]{subsubsection.3.2.3.6}{\376\377\0003\000.\0002\000.\0003\000.\0006\000\040\000d\000e\000b\000u\000g\000R\000e\000s\000i\000d\000u\000a\000l\000T\000e\000s\000t\000\050\000\051}{subsection.3.2.3}% 25
\BOOKMARK [3][-]{subsubsection.3.2.3.7}{\376\377\0003\000.\0002\000.\0003\000.\0007\000\040\000d\000e\000b\000u\000g\000R\000e\000s\000t\000r\000i\000c\000t\000T\000e\000s\000t\000\050\000\051}{subsection.3.2.3}% 26
\BOOKMARK [3][-]{subsubsection.3.2.3.8}{\376\377\0003\000.\0002\000.\0003\000.\0008\000\040\000d\000o\000w\000n\000l\000o\000a\000d\000S\000o\000l\000u\000t\000i\000o\000n\000\050\000\051}{subsection.3.2.3}% 27
\BOOKMARK [3][-]{subsubsection.3.2.3.9}{\376\377\0003\000.\0002\000.\0003\000.\0009\000\040\000o\000p\000e\000r\000a\000t\000o\000r\000=\000\050\000\051}{subsection.3.2.3}% 28
\BOOKMARK [3][-]{subsubsection.3.2.3.10}{\376\377\0003\000.\0002\000.\0003\000.\0001\0000\000\040\000r\000e\000l\000a\000t\000i\000v\000e\000T\000o\000l\000e\000r\000a\000n\000c\000e\000\050\000\051}{subsection.3.2.3}% 29
\BOOKMARK [3][-]{subsubsection.3.2.3.11}{\376\377\0003\000.\0002\000.\0003\000.\0001\0001\000\040\000s\000e\000t\000C\000l\000a\000m\000p\000E\000n\000a\000b\000l\000e\000d\000\050\000\051}{subsection.3.2.3}% 30
\BOOKMARK [3][-]{subsubsection.3.2.3.12}{\376\377\0003\000.\0002\000.\0003\000.\0001\0002\000\040\000s\000e\000t\000D\000a\000m\000p\000i\000n\000g\000\050\000\051}{subsection.3.2.3}% 31
\BOOKMARK [3][-]{subsubsection.3.2.3.13}{\376\377\0003\000.\0002\000.\0003\000.\0001\0003\000\040\000s\000e\000t\000D\000i\000r\000i\000c\000h\000l\000e\000t\000B\000C\000\050\000\051}{subsection.3.2.3}% 32
\BOOKMARK [3][-]{subsubsection.3.2.3.14}{\376\377\0003\000.\0002\000.\0003\000.\0001\0004\000\040\000s\000e\000t\000I\000n\000i\000t\000i\000a\000l\000\050\000\051}{subsection.3.2.3}% 33
\BOOKMARK [3][-]{subsubsection.3.2.3.15}{\376\377\0003\000.\0002\000.\0003\000.\0001\0005\000\040\000s\000e\000t\000R\000e\000l\000a\000t\000i\000v\000e\000T\000o\000l\000e\000r\000a\000n\000c\000e\000\050\000\051}{subsection.3.2.3}% 34
\BOOKMARK [3][-]{subsubsection.3.2.3.16}{\376\377\0003\000.\0002\000.\0003\000.\0001\0006\000\040\000s\000e\000t\000R\000H\000S\000\050\000\051}{subsection.3.2.3}% 35
\BOOKMARK [3][-]{subsubsection.3.2.3.17}{\376\377\0003\000.\0002\000.\0003\000.\0001\0007\000\040\000s\000e\000t\000S\000m\000o\000o\000t\000h\000e\000r\000\050\000\051}{subsection.3.2.3}% 36
\BOOKMARK [3][-]{subsubsection.3.2.3.18}{\376\377\0003\000.\0002\000.\0003\000.\0001\0008\000\040\000s\000e\000t\000V\000e\000r\000b\000o\000s\000e\000\050\000\051}{subsection.3.2.3}% 37
\BOOKMARK [3][-]{subsubsection.3.2.3.19}{\376\377\0003\000.\0002\000.\0003\000.\0001\0009\000\040\000s\000m\000o\000o\000t\000h\000e\000r\000\050\000\051}{subsection.3.2.3}% 38
\BOOKMARK [3][-]{subsubsection.3.2.3.20}{\376\377\0003\000.\0002\000.\0003\000.\0002\0000\000\040\000s\000o\000l\000v\000e\000J\000a\000c\000o\000b\000i\000\050\000\051}{subsection.3.2.3}% 39
\BOOKMARK [3][-]{subsubsection.3.2.3.21}{\376\377\0003\000.\0002\000.\0003\000.\0002\0001\000\040\000s\000o\000l\000v\000e\000M\000u\000l\000t\000i\000g\000r\000i\000d\000\050\000\051}{subsection.3.2.3}% 40
\BOOKMARK [3][-]{subsubsection.3.2.3.22}{\376\377\0003\000.\0002\000.\0003\000.\0002\0002\000\040\000s\000o\000l\000v\000e\000R\000B\000G\000S\000\050\000\051}{subsection.3.2.3}% 41
\BOOKMARK [3][-]{subsubsection.3.2.3.23}{\376\377\0003\000.\0002\000.\0003\000.\0002\0003\000\040\000s\000o\000l\000v\000e\000R\000B\000G\000S\000W\000i\000t\000h\000R\000H\000S\000\050\000\051}{subsection.3.2.3}% 42
\BOOKMARK [3][-]{subsubsection.3.2.3.24}{\376\377\0003\000.\0002\000.\0003\000.\0002\0004\000\040\000v\000e\000r\000b\000o\000s\000e\000\050\000\051}{subsection.3.2.3}% 43
\BOOKMARK [2][-]{subsection.3.2.4}{\376\377\0003\000.\0002\000.\0004\000\040\000M\000e\000m\000b\000e\000r\000\040\000D\000a\000t\000a\000\040\000D\000o\000c\000u\000m\000e\000n\000t\000a\000t\000i\000o\000n}{section.3.2}% 44
\BOOKMARK [3][-]{subsubsection.3.2.4.1}{\376\377\0003\000.\0002\000.\0004\000.\0001\000\040\000l\000e\000v\000e\000l\000s\000\137}{subsection.3.2.4}% 45
\BOOKMARK [1][-]{section.3.3}{\376\377\0003\000.\0003\000\040\000L\000a\000p\000l\000a\000c\000e\000M\000e\000t\000a\000l\000S\000o\000l\000v\000e\000r\000:\000:\000M\000G\000L\000e\000v\000e\000l\000\040\000S\000t\000r\000u\000c\000t\000\040\000R\000e\000f\000e\000r\000e\000n\000c\000e}{chapter.3}% 46
\BOOKMARK [2][-]{subsection.3.3.1}{\376\377\0003\000.\0003\000.\0001\000\040\000M\000e\000m\000b\000e\000r\000\040\000D\000a\000t\000a\000\040\000D\000o\000c\000u\000m\000e\000n\000t\000a\000t\000i\000o\000n}{section.3.3}% 47
\BOOKMARK [3][-]{subsubsection.3.3.1.1}{\376\377\0003\000.\0003\000.\0001\000.\0001\000\040\000b\000c\000M\000a\000s\000k}{subsection.3.3.1}% 48
\BOOKMARK [3][-]{subsubsection.3.3.1.2}{\376\377\0003\000.\0003\000.\0001\000.\0002\000\040\000b\000c\000V\000a\000l\000s}{subsection.3.3.1}% 49
\BOOKMARK [3][-]{subsubsection.3.3.1.3}{\376\377\0003\000.\0003\000.\0001\000.\0003\000\040\000d\000x}{subsection.3.3.1}% 50
\BOOKMARK [3][-]{subsubsection.3.3.1.4}{\376\377\0003\000.\0003\000.\0001\000.\0004\000\040\000d\000y}{subsection.3.3.1}% 51
\BOOKMARK [3][-]{subsubsection.3.3.1.5}{\376\377\0003\000.\0003\000.\0001\000.\0005\000\040\000f\000i\000e\000l\000d\000B\000y\000t\000e\000s}{subsection.3.3.1}% 52
\BOOKMARK [3][-]{subsubsection.3.3.1.6}{\376\377\0003\000.\0003\000.\0001\000.\0006\000\040\000n\000x}{subsection.3.3.1}% 53
\BOOKMARK [3][-]{subsubsection.3.3.1.7}{\376\377\0003\000.\0003\000.\0001\000.\0007\000\040\000n\000y}{subsection.3.3.1}% 54
\BOOKMARK [3][-]{subsubsection.3.3.1.8}{\376\377\0003\000.\0003\000.\0001\000.\0008\000\040\000r\000h\000s}{subsection.3.3.1}% 55
\BOOKMARK [3][-]{subsubsection.3.3.1.9}{\376\377\0003\000.\0003\000.\0001\000.\0009\000\040\000u\000A}{subsection.3.3.1}% 56
\BOOKMARK [3][-]{subsubsection.3.3.1.10}{\376\377\0003\000.\0003\000.\0001\000.\0001\0000\000\040\000u\000B}{subsection.3.3.1}% 57
\BOOKMARK [3][-]{subsubsection.3.3.1.11}{\376\377\0003\000.\0003\000.\0001\000.\0001\0001\000\040\000u\000n\000i\000f\000o\000r\000m\000s}{subsection.3.3.1}% 58
\BOOKMARK [0][-]{chapter.4}{\376\377\0004\000\040\000F\000i\000l\000e\000\040\000D\000o\000c\000u\000m\000e\000n\000t\000a\000t\000i\000o\000n}{}% 59
\BOOKMARK [1][-]{section.4.1}{\376\377\0004\000.\0001\000\040\000m\000a\000i\000n\000\137\000l\000a\000p\000l\000a\000c\000e\000\137\000d\000e\000m\000o\000.\000c\000p\000p\000\040\000F\000i\000l\000e\000\040\000R\000e\000f\000e\000r\000e\000n\000c\000e}{chapter.4}% 60
\BOOKMARK [2][-]{subsection.4.1.1}{\376\377\0004\000.\0001\000.\0001\000\040\000F\000u\000n\000c\000t\000i\000o\000n\000\040\000D\000o\000c\000u\000m\000e\000n\000t\000a\000t\000i\000o\000n}{section.4.1}% 61
\BOOKMARK [3][-]{subsubsection.4.1.1.1}{\376\377\0004\000.\0001\000.\0001\000.\0001\000\040\000m\000a\000i\000n\000\050\000\051}{subsection.4.1.1}% 62
\BOOKMARK [3][-]{subsubsection.4.1.1.2}{\376\377\0004\000.\0001\000.\0001\000.\0002\000\040\000t\000e\000s\000t\000\137\000l\000a\000p\000l\000a\000c\000e\000\137\000s\000o\000l\000v\000e\000r\000\137\000d\000e\000f\000a\000u\000l\000t\000\050\000\051}{subsection.4.1.1}% 63
\BOOKMARK [3][-]{subsubsection.4.1.1.3}{\376\377\0004\000.\0001\000.\0001\000.\0003\000\040\000t\000e\000s\000t\000\137\000l\000a\000p\000l\000a\000c\000e\000\137\000s\000o\000l\000v\000e\000r\000\137\000f\000o\000u\000r\000\137\000b\000o\000u\000n\000d\000a\000r\000i\000e\000s\000\050\000\051}{subsection.4.1.1}% 64
\BOOKMARK [3][-]{subsubsection.4.1.1.4}{\376\377\0004\000.\0001\000.\0001\000.\0004\000\040\000t\000e\000s\000t\000\137\000l\000a\000p\000l\000a\000c\000e\000\137\000s\000o\000l\000v\000e\000r\000\137\000m\000u\000l\000t\000i\000g\000r\000i\000d\000\137\000d\000e\000f\000a\000u\000l\000t\000\050\000\051}{subsection.4.1.1}% 65
\BOOKMARK [3][-]{subsubsection.4.1.1.5}{\376\377\0004\000.\0001\000.\0001\000.\0005\000\040\000t\000e\000s\000t\000\137\000l\000a\000p\000l\000a\000c\000e\000\137\000s\000o\000l\000v\000e\000r\000\137\000m\000u\000l\000t\000i\000g\000r\000i\000d\000\137\000f\000o\000u\000r\000\137\000b\000o\000u\000n\000d\000a\000r\000i\000e\000s\000\050\000\051}{subsection.4.1.1}% 66
\BOOKMARK [3][-]{subsubsection.4.1.1.6}{\376\377\0004\000.\0001\000.\0001\000.\0006\000\040\000t\000e\000s\000t\000\137\000l\000i\000d\000\137\000d\000r\000i\000v\000e\000n\000\137\000c\000a\000v\000i\000t\000y\000\137\000l\000a\000p\000l\000a\000c\000e\000\050\000\051}{subsection.4.1.1}% 67
\BOOKMARK [3][-]{subsubsection.4.1.1.7}{\376\377\0004\000.\0001\000.\0001\000.\0007\000\040\000t\000e\000s\000t\000\137\000m\000i\000n\000i\000m\000a\000l\000\137\000g\000r\000i\000d\000\050\000\051}{subsection.4.1.1}% 68
\BOOKMARK [1][-]{section.4.2}{\376\377\0004\000.\0002\000\040\000m\000e\000t\000a\000l\000/\000l\000a\000p\000l\000a\000c\000e\000\137\000k\000e\000r\000n\000e\000l\000s\000.\000m\000e\000t\000a\000l\000\040\000F\000i\000l\000e\000\040\000R\000e\000f\000e\000r\000e\000n\000c\000e}{chapter.4}% 69
\BOOKMARK [1][-]{section.4.3}{\376\377\0004\000.\0003\000\040\000m\000e\000t\000a\000l\000/\000L\000a\000p\000l\000a\000c\000e\000M\000e\000t\000a\000l\000S\000o\000l\000v\000e\000r\000.\000h\000p\000p\000\040\000F\000i\000l\000e\000\040\000R\000e\000f\000e\000r\000e\000n\000c\000e}{chapter.4}% 70
\BOOKMARK [1][-]{section.4.4}{\376\377\0004\000.\0004\000\040\000L\000a\000p\000l\000a\000c\000e\000M\000e\000t\000a\000l\000S\000o\000l\000v\000e\000r\000.\000h\000p\000p}{chapter.4}% 71
\BOOKMARK [1][-]{section.4.5}{\376\377\0004\000.\0005\000\040\000m\000e\000t\000a\000l\000/\000L\000a\000p\000l\000a\000c\000e\000M\000e\000t\000a\000l\000S\000o\000l\000v\000e\000r\000.\000m\000m\000\040\000F\000i\000l\000e\000\040\000R\000e\000f\000e\000r\000e\000n\000c\000e}{chapter.4}% 72
\BOOKMARK [2][-]{subsection.4.5.1}{\376\377\0004\000.\0005\000.\0001\000\040\000M\000a\000c\000r\000o\000\040\000D\000e\000f\000i\000n\000i\000t\000i\000o\000n\000\040\000D\000o\000c\000u\000m\000e\000n\000t\000a\000t\000i\000o\000n}{section.4.5}% 73
\BOOKMARK [3][-]{subsubsection.4.5.1.1}{\376\377\0004\000.\0005\000.\0001\000.\0001\000\040\000C\000R\000E\000A\000T\000E\000\137\000P\000I\000P\000E\000L\000I\000N\000E}{subsection.4.5.1}% 74
\BOOKMARK [1][-]{section.4.6}{\376\377\0004\000.\0006\000\040\000t\000e\000s\000t\000\137\000L\000a\000p\000l\000a\000c\000e\000M\000e\000t\000a\000l\000S\000o\000l\000v\000e\000r\000.\000c\000p\000p\000\040\000F\000i\000l\000e\000\040\000R\000e\000f\000e\000r\000e\000n\000c\000e}{chapter.4}% 75
\BOOKMARK [2][-]{subsection.4.6.1}{\376\377\0004\000.\0006\000.\0001\000\040\000M\000a\000c\000r\000o\000\040\000D\000e\000f\000i\000n\000i\000t\000i\000o\000n\000\040\000D\000o\000c\000u\000m\000e\000n\000t\000a\000t\000i\000o\000n}{section.4.6}% 76
\BOOKMARK [3][-]{subsubsection.4.6.1.1}{\376\377\0004\000.\0006\000.\0001\000.\0001\000\040\000T\000R\000A\000C\000E\000\137\000E\000X\000C\000E\000P\000T\000I\000O\000N}{subsection.4.6.1}% 77
\BOOKMARK [2][-]{subsection.4.6.2}{\376\377\0004\000.\0006\000.\0002\000\040\000F\000u\000n\000c\000t\000i\000o\000n\000\040\000D\000o\000c\000u\000m\000e\000n\000t\000a\000t\000i\000o\000n}{section.4.6}% 78
\BOOKMARK [3][-]{subsubsection.4.6.2.1}{\376\377\0004\000.\0006\000.\0002\000.\0001\000\040\000m\000a\000i\000n\000\050\000\051}{subsection.4.6.2}% 79
\BOOKMARK [3][-]{subsubsection.4.6.2.2}{\376\377\0004\000.\0006\000.\0002\000.\0002\000\040\000t\000e\000s\000t\000\137\000c\000o\000n\000s\000t\000r\000u\000c\000t\000o\000r\000\050\000\051}{subsection.4.6.2}% 80
\BOOKMARK [3][-]{subsubsection.4.6.2.3}{\376\377\0004\000.\0006\000.\0002\000.\0003\000\040\000t\000e\000s\000t\000\137\000d\000o\000w\000n\000l\000o\000a\000d\000S\000o\000l\000u\000t\000i\000o\000n\000\050\000\051}{subsection.4.6.2}% 81
\BOOKMARK [3][-]{subsubsection.4.6.2.4}{\376\377\0004\000.\0006\000.\0002\000.\0004\000\040\000t\000e\000s\000t\000\137\000s\000e\000t\000D\000i\000r\000i\000c\000h\000l\000e\000t\000B\000C\000\050\000\051}{subsection.4.6.2}% 82
\BOOKMARK [3][-]{subsubsection.4.6.2.5}{\376\377\0004\000.\0006\000.\0002\000.\0005\000\040\000t\000e\000s\000t\000\137\000s\000e\000t\000I\000n\000i\000t\000i\000a\000l\000\050\000\051}{subsection.4.6.2}% 83
\BOOKMARK [3][-]{subsubsection.4.6.2.6}{\376\377\0004\000.\0006\000.\0002\000.\0006\000\040\000t\000e\000s\000t\000\137\000s\000o\000l\000v\000e\000J\000a\000c\000o\000b\000i\000\050\000\051}{subsection.4.6.2}% 84
\BOOKMARK [3][-]{subsubsection.4.6.2.7}{\376\377\0004\000.\0006\000.\0002\000.\0007\000\040\000t\000e\000s\000t\000\137\000s\000o\000l\000v\000e\000M\000u\000l\000t\000i\000g\000r\000i\000d\000\050\000\051}{subsection.4.6.2}% 85
